0 info it worked if it ends with ok
1 verbose cli [ '/usr/local/bin/node',
1 verbose cli   '/usr/local/bin/npm',
1 verbose cli   'install',
1 verbose cli   '--save',
1 verbose cli   'susy' ]
2 info using npm@1.3.14
3 info using node@v0.10.26
4 warn package.json typeapp@0.0.0 No description
5 warn package.json typeapp@0.0.0 No repository field.
6 warn package.json typeapp@0.0.0 No README data
7 verbose readDependencies using package.json deps
8 verbose cache add [ 'susy', null ]
9 verbose cache add name=undefined spec="susy" args=["susy",null]
10 verbose parsed url { protocol: null,
10 verbose parsed url   slashes: null,
10 verbose parsed url   auth: null,
10 verbose parsed url   host: null,
10 verbose parsed url   port: null,
10 verbose parsed url   hostname: null,
10 verbose parsed url   hash: null,
10 verbose parsed url   search: null,
10 verbose parsed url   query: null,
10 verbose parsed url   pathname: 'susy',
10 verbose parsed url   path: 'susy',
10 verbose parsed url   href: 'susy' }
11 silly lockFile 606cae55-susy susy
12 verbose lock susy /home/ciaran/.npm/606cae55-susy.lock
13 silly lockFile 606cae55-susy susy
14 silly lockFile 606cae55-susy susy
15 verbose addNamed [ 'susy', '' ]
16 verbose addNamed [ null, '*' ]
17 silly lockFile 5da462df-susy susy@
18 verbose lock susy@ /home/ciaran/.npm/5da462df-susy.lock
19 silly addNameRange { name: 'susy', range: '*', hasData: false }
20 verbose url raw susy
21 verbose url resolving [ 'https://registry.npmjs.org/', './susy' ]
22 verbose url resolved https://registry.npmjs.org/susy
23 info trying registry request attempt 1 at 16:59:39
24 http GET https://registry.npmjs.org/susy
25 http 404 https://registry.npmjs.org/susy
26 silly registry.get cb [ 404,
26 silly registry.get   { date: 'Fri, 21 Mar 2014 16:59:39 GMT',
26 silly registry.get     server: 'CouchDB/1.5.0 (Erlang OTP/R14B04)',
26 silly registry.get     'content-type': 'application/json',
26 silly registry.get     via: '1.1 varnish',
26 silly registry.get     'cache-control': 'max-age=0',
26 silly registry.get     'content-length': '52',
26 silly registry.get     'accept-ranges': 'bytes',
26 silly registry.get     age: '0',
26 silly registry.get     'x-served-by': 'cache-v42-ASH, cache-lo83-LHR',
26 silly registry.get     'x-cache': 'MISS, MISS',
26 silly registry.get     'x-cache-hits': '0, 0',
26 silly registry.get     'x-timer': 'S1395421179.587917566,VS0,VS-26,VE82,VE186',
26 silly registry.get     'keep-alive': 'timeout=10, max=50',
26 silly registry.get     connection: 'Keep-Alive' } ]
27 silly lockFile 5da462df-susy susy@
28 silly lockFile 5da462df-susy susy@
29 error 404 'susy' is not in the npm registry.
29 error 404 You should bug the author to publish it
29 error 404
29 error 404 Note that you can also install from a
29 error 404 tarball, folder, or http url, or git url.
30 error System Linux 3.11.0-17-generic
31 error command "/usr/local/bin/node" "/usr/local/bin/npm" "install" "--save" "susy"
32 error cwd /home/ciaran/Documents/Dropbox/web_design/active/type/typeapp
33 error node -v v0.10.26
34 error npm -v 1.3.14
35 error code E404
36 verbose exit [ 1, true ]
